<?xml version="1.0" encoding="UTF-8"?>
<testsuite xmlns:xsi="http://www.w3.org/2001/XMLSchema-instance" xsi:noNamespaceSchemaLocation="https://maven.apache.org/surefire/maven-surefire-plugin/xsd/surefire-test-report-3.0.xsd" version="3.0" name="war_games.GameEngineTest" time="0.198" tests="21" errors="0" skipped="0" failures="0">
  <properties>
[...]
</properties>
  <testcase name="testAutoSave" classname="war_games.GameEngineTest" time="0.09">
    <system-out><![CDATA[zapis gry...
Bledy przeslano do: war_games.Generals.General
]]></system-out>
  </testcase>
  <testcase name="testGainExperience" classname="war_games.GameEngineTest" time="0.004"/>
  <testcase name="testGeneralGoldCannotBeNegative" classname="war_games.GameEngineTest" time="0.003"/>
  <testcase name="testSoldierPromotionAfterFiveTimesExperience" classname="war_games.GameEngineTest" time="0.002"/>
  <testcase name="testSaveGame" classname="war_games.GameEngineTest" time="0.007">
    <system-out><![CDATA[zapis gry...
Bledy przeslano do: war_games.Generals.General
]]></system-out>
  </testcase>
  <testcase name="testLoggerMsg" classname="war_games.GameEngineTest" time="0.004"/>
  <testcase name="testGetStrength" classname="war_games.GameEngineTest" time="0.001"/>
  <testcase name="testRemoveDeadSoldiers" classname="war_games.GameEngineTest" time="0.002"/>
  <testcase name="testAddSoldier" classname="war_games.GameEngineTest" time="0.001"/>
  <testcase name="testSoldierExperienceCannotBeNegative" classname="war_games.GameEngineTest" time="0.002"/>
  <testcase name="testSoldierRankCannotBeNull" classname="war_games.GameEngineTest" time="0.001"/>
  <testcase name="testSaveMethod" classname="war_games.GameEngineTest" time="0.007">
    <system-out><![CDATA[Bledy przeslano do: war_games.Generals.General
]]></system-out>
  </testcase>
  <testcase name="testLoseExperience" classname="war_games.GameEngineTest" time="0.001"/>
  <testcase name="testManeuversWithSoldiers" classname="war_games.GameEngineTest" time="0.005">
    <system-out><![CDATA[Performing maneuvers for General 1
Maneuvers completed successfully.
]]></system-out>
  </testcase>
  <testcase name="testArmyAttack" classname="war_games.GameEngineTest" time="0.002">
    <system-out><![CDATA[To jest remis, obaj generalowie tracja po jednym zolnierzu.
]]></system-out>
  </testcase>
  <testcase name="testCannotAddNullSoldierToArmy" classname="war_games.GameEngineTest" time="0.001"/>
  <testcase name="testSoldierDiesWhenExperienceIsZero" classname="war_games.GameEngineTest" time="0.001"/>
  <testcase name="testGenerateReport" classname="war_games.GameEngineTest" time="0.002"/>
  <testcase name="testRemoveSoldier" classname="war_games.GameEngineTest" time="0.002"/>
  <testcase name="testSoldiersGold_Not" classname="war_games.GameEngineTest" time="0.001">
    <system-out><![CDATA[Niewystarczajaco zlota!
]]></system-out>
  </testcase>
  <testcase name="testSoldiersGold" classname="war_games.GameEngineTest" time="0.001">
    <system-out><![CDATA[Zolniez zostal zrekrutowany!
]]></system-out>
  </testcase>
</testsuite>